<?xml version="1.0" encoding="UTF-8"?>
<!-- Generated by org.testng.reporters.JUnitReportReporter -->
<testsuite skipped="0" hostname="Shuvendu-PC" name="com.company.Name.PackageName.TestLogin" tests="1" failures="0" timestamp="27 May 2020 22:37:22 GMT" time="30.106" errors="0">
  <testcase name="testRun" time="30.106" classname="com.company.Name.PackageName.TestLogin"/>
</testsuite> <!-- com.company.Name.PackageName.TestLogin -->
