<?xml version="1.0" encoding="UTF-8"?>
<!-- Generated by org.testng.reporters.JUnitReportReporter -->
<testsuite skipped="0" hostname="Shuvendu-PC" name="com.company.Name.PackageName.TestLogin" tests="1" failures="0" timestamp="19 May 2020 08:56:56 GMT" time="22.231" errors="0">
  <testcase name="test" time="22.231" classname="com.company.Name.PackageName.TestLogin"/>
</testsuite> <!-- com.company.Name.PackageName.TestLogin -->
